<?xml version="1.0" encoding="UTF-8"?>
<!-- Generated by org.testng.reporters.JUnitXMLReporter -->
<testsuite ignored="0" hostname="sAdIQspReDaTOR" failures="0" tests="3" name="Test2" time="103.873" errors="0" timestamp="2026-06-05T22:18:51 IST">
  <testcase classname="com.comcast.crm.contacttest.CreateContactTest" name="CreateContactTestt" time="22.072"/>
  <testcase classname="com.comcast.crm.contacttest.CreateContactTest" name="CreateContactWithOrgTestt" time="40.407"/>
  <testcase classname="com.comcast.crm.contacttest.CreateContactTest" name="CreateContactWithSupportDateTest" time="17.43"/>
</testsuite> <!-- Test2 -->
