<?xml version="1.0" encoding="UTF-8"?>
<!-- Generated by org.testng.reporters.JUnitXMLReporter -->
<testsuite ignored="2" hostname="sAdIQspReDaTOR" failures="0" tests="6" name="TestRunner-chrome" time="258.622" errors="0" timestamp="2026-06-05T22:24:33 IST">
  <testcase classname="com.comcast.crm.basetest.BaseTest" name="@AfterMethod configAM" time="20.396">
    <failure type="org.openqa.selenium.NoSuchElementException" message="Unable to locate element: Sign Out
For documentation on this error, please visit: https://www.selenium.dev/documentation/webdriver/troubleshooting/errors#nosuchelementexception
Build info: version: &amp;apos;4.39.0&amp;apos;, revision: &amp;apos;126f156aee&amp;apos;
System info: os.name: &amp;apos;Windows 11&amp;apos;, os.arch: &amp;apos;amd64&amp;apos;, os.version: &amp;apos;10.0&amp;apos;, java.version: &amp;apos;21.0.5&amp;apos;
Driver info: org.openqa.selenium.firefox.FirefoxDriver
Command: [7a220891-d375-4669-b765-75115a7f282b, findElement {value=Sign Out, using=link text}]
Capabilities {acceptInsecureCerts: true, browserName: firefox, browserVersion: 151.0.3, moz:accessibilityChecks: false, moz:buildID: 20260601110758, moz:geckodriverVersion: 0.37.0, moz:headless: false, moz:platformVersion: 10.0, moz:processID: 21132, moz:profile: C:\Users\Sadiq\AppData\Loca..., moz:shutdownTimeout: 60000, moz:webdriverClick: true, moz:windowless: false, pageLoadStrategy: normal, platformName: windows, proxy: Proxy(), setWindowRect: true, strictFileInteractability: false, timeouts: {implicit: 0, pageLoad: 300000, script: 30000}, unhandledPromptBehavior: dismiss and notify, userAgent: Mozilla/5.0 (Windows NT 10....}
Session ID: 7a220891-d375-4669-b765-75115a7f282b">
      <![CDATA[org.openqa.selenium.NoSuchElementException: Unable to locate element: Sign Out
For documentation on this error, please visit: https://www.selenium.dev/documentation/webdriver/troubleshooting/errors#nosuchelementexception
Build info: version: '4.39.0', revision: '126f156aee'
System info: os.name: 'Windows 11', os.arch: 'amd64', os.version: '10.0', java.version: '21.0.5'
Driver info: org.openqa.selenium.firefox.FirefoxDriver
Command: [7a220891-d375-4669-b765-75115a7f282b, findElement {value=Sign Out, using=link text}]
Capabilities {acceptInsecureCerts: true, browserName: firefox, browserVersion: 151.0.3, moz:accessibilityChecks: false, moz:buildID: 20260601110758, moz:geckodriverVersion: 0.37.0, moz:headless: false, moz:platformVersion: 10.0, moz:processID: 21132, moz:profile: C:\Users\Sadiq\AppData\Loca..., moz:shutdownTimeout: 60000, moz:webdriverClick: true, moz:windowless: false, pageLoadStrategy: normal, platformName: windows, proxy: Proxy(), setWindowRect: true, strictFileInteractability: false, timeouts: {implicit: 0, pageLoad: 300000, script: 30000}, unhandledPromptBehavior: dismiss and notify, userAgent: Mozilla/5.0 (Windows NT 10....}
Session ID: 7a220891-d375-4669-b765-75115a7f282b
at org.openqa.selenium.remote.ErrorCodec.decode(ErrorCodec.java:167)
at org.openqa.selenium.remote.codec.w3c.W3CHttpResponseCodec.decode(W3CHttpResponseCodec.java:142)
at org.openqa.selenium.remote.codec.w3c.W3CHttpResponseCodec.decode(W3CHttpResponseCodec.java:49)
at org.openqa.selenium.remote.HttpCommandExecutor.execute(HttpCommandExecutor.java:215)
at org.openqa.selenium.remote.service.DriverCommandExecutor.invokeExecute(DriverCommandExecutor.java:216)
at org.openqa.selenium.remote.service.DriverCommandExecutor.execute(DriverCommandExecutor.java:174)
at org.openqa.selenium.remote.RemoteWebDriver.execute(RemoteWebDriver.java:561)
at org.openqa.selenium.remote.ElementLocation$ElementFinder$2.findElement(ElementLocation.java:166)
at org.openqa.selenium.remote.ElementLocation.findElement(ElementLocation.java:60)
at org.openqa.selenium.remote.RemoteWebDriver.findElement(RemoteWebDriver.java:384)
at org.openqa.selenium.remote.RemoteWebDriver.findElement(RemoteWebDriver.java:378)
at org.openqa.selenium.support.pagefactory.DefaultElementLocator.findElement(DefaultElementLocator.java:68)
at org.openqa.selenium.support.pagefactory.internal.LocatingElementHandler.invoke(LocatingElementHandler.java:38)
at jdk.proxy2/jdk.proxy2.$Proxy18.click(Unknown Source)
at com.comcast.crm.objectrepositoryUtility.HomeTestPage.logOut(HomeTestPage.java:83)
at com.comcast.crm.basetest.BaseTest.configAM(BaseTest.java:73)
at java.base/java.util.ArrayList.forEach(ArrayList.java:1596)
at java.base/java.util.concurrent.FutureTask.run(FutureTask.java:317)
at java.base/java.util.concurrent.ThreadPoolExecutor.runWorker(ThreadPoolExecutor.java:1144)
at java.base/java.util.concurrent.ThreadPoolExecutor$Worker.run(ThreadPoolExecutor.java:642)
at java.base/java.lang.Thread.run(Thread.java:1583)
... Removed 23 stack frames]]>
    </failure>
  </testcase> <!-- @AfterMethod configAM -->
  <testcase classname="com.comcast.crm.basetest.BaseTest" name="@BeforeMethod configBM" time="0.0">
    <skipped/>
  </testcase> <!-- @BeforeMethod configBM -->
  <testcase classname="com.comcast.crm.basetest.BaseTest" name="@AfterMethod configAM" time="0.0">
    <skipped/>
  </testcase> <!-- @AfterMethod configAM -->
  <testcase classname="com.comcast.crm.basetest.BaseTest" name="@AfterClass configAc" time="0.0">
    <skipped/>
  </testcase> <!-- @AfterClass configAc -->
  <testcase classname="com.comcast.crm.orgtest.CreateOrganizationTest" name="CreateOrganizationWithIndustriesTestt" time="26.907"/>
  <testcase classname="com.comcast.crm.orgtest.CreateOrganizationTest" name="CreateOrganizationWithPhoneNumberTestt" time="25.714"/>
  <testcase classname="com.comcast.crm.orgtest.CreateOrganizationTest" name="createOrganizationTest" time="32.909"/>
  <testcase classname="com.comcast.crm.contacttest.CreateContactTest" name="CreateContactTestt" time="25.55"/>
  <testcase classname="com.comcast.crm.contacttest.CreateContactTest" name="CreateContactWithOrgTestt" time="55.848"/>
  <testcase classname="com.comcast.crm.contacttest.CreateContactTest" name="CreateContactWithSupportDateTest" time="25.507"/>
  <testcase classname="com.comcast.crm.basetest.BaseTest" name="@BeforeSuite configDB" time="0.0">
    <ignored/>
  </testcase> <!-- @BeforeSuite configDB -->
  <testcase classname="com.comcast.crm.basetest.BaseTest" name="@AfterSuite configAS" time="0.0">
    <ignored/>
  </testcase> <!-- @AfterSuite configAS -->
</testsuite> <!-- TestRunner-chrome -->
