<?xml version="1.0" encoding="UTF-8"?>
<!-- Generated by org.testng.reporters.JUnitXMLReporter -->
<testsuite ignored="2" hostname="sAdIQspReDaTOR" failures="0" tests="6" name="TestRunner-firefox" time="287.005" errors="0" timestamp="2026-06-05T22:25:01 IST">
  <testcase classname="com.comcast.crm.orgtest.CreateOrganizationTest" name="CreateOrganizationWithIndustriesTestt" time="25.035"/>
  <testcase classname="com.comcast.crm.orgtest.CreateOrganizationTest" name="CreateOrganizationWithPhoneNumberTestt" time="33.036"/>
  <testcase classname="com.comcast.crm.orgtest.CreateOrganizationTest" name="createOrganizationTest" time="0.0">
    <skipped/>
  </testcase> <!-- createOrganizationTest -->
  <testcase classname="com.comcast.crm.contacttest.CreateContactTest" name="CreateContactTestt" time="22.819"/>
  <testcase classname="com.comcast.crm.contacttest.CreateContactTest" name="CreateContactWithOrgTestt" time="46.921"/>
  <testcase classname="com.comcast.crm.contacttest.CreateContactTest" name="CreateContactWithSupportDateTest" time="0.0">
    <skipped/>
  </testcase> <!-- CreateContactWithSupportDateTest -->
  <testcase classname="com.comcast.crm.basetest.BaseTest" name="@BeforeSuite configDB" time="0.0">
    <ignored/>
  </testcase> <!-- @BeforeSuite configDB -->
  <testcase classname="com.comcast.crm.basetest.BaseTest" name="@AfterSuite configAS" time="0.0">
    <ignored/>
  </testcase> <!-- @AfterSuite configAS -->
</testsuite> <!-- TestRunner-firefox -->
