<?xml version="1.0" encoding="UTF-8"?>
<!-- Generated by org.testng.reporters.JUnitXMLReporter -->
<testsuite ignored="2" hostname="sAdIQspReDaTOR" failures="0" tests="1" name="Test" time="26.382" errors="0" timestamp="2026-06-08T14:59:07 IST">
  <testcase classname="com.comcast.crm.orgtest.CreateOrganizationTest" name="createOrganizationTest" time="18.898"/>
  <testcase classname="com.comcast.crm.orgtest.CreateOrganizationTest" name="CreateOrganizationWithIndustriesTestt" time="0.0">
    <ignored/>
  </testcase> <!-- CreateOrganizationWithIndustriesTestt -->
  <testcase classname="com.comcast.crm.orgtest.CreateOrganizationTest" name="CreateOrganizationWithPhoneNumberTestt" time="0.0">
    <ignored/>
  </testcase> <!-- CreateOrganizationWithPhoneNumberTestt -->
</testsuite> <!-- Test -->
