<?xml version="1.0" encoding="UTF-8"?>
<!-- Generated by org.testng.reporters.JUnitReportReporter -->
<testsuite hostname="sAdIQspReDaTOR" failures="0" tests="3" name="practice.testng.CreateContact_DataProvider_Test" time="0.023" errors="0" timestamp="2026-06-01T15:11:22 IST" skipped="0">
  <testcase classname="practice.testng.CreateContact_DataProvider_Test" name="CreateContactTest" time="0.003"/>
  <testcase classname="practice.testng.CreateContact_DataProvider_Test" name="CreateContactTest" time="0.003"/>
  <testcase classname="practice.testng.CreateContact_DataProvider_Test" name="CreateContactTest" time="0.017"/>
</testsuite> <!-- practice.testng.CreateContact_DataProvider_Test -->
