<?xml version="1.0" encoding="UTF-8"?>
<!-- Generated by org.testng.reporters.JUnitReportReporter -->
<testsuite hostname="sAdIQspReDaTOR" failures="0" tests="2" name="com.crm.comcast.orgtest.CreateOrgTest" time="0.007" errors="0" timestamp="2026-06-02T12:47:26 IST" skipped="0">
  <testcase classname="com.crm.comcast.orgtest.CreateOrgTest" name="createOrgWithIndustries" time="0.002"/>
  <testcase classname="com.crm.comcast.orgtest.CreateOrgTest" name="createOrgTest" time="0.005"/>
</testsuite> <!-- com.crm.comcast.orgtest.CreateOrgTest -->
