<?xml version="1.0" encoding="UTF-8"?>
<!-- Generated by org.testng.reporters.JUnitReportReporter -->
<testsuite hostname="sAdIQspReDaTOR" failures="0" tests="1" name="practice.pom.repository.ListenerScriptClass" time="0.025" errors="0" timestamp="2026-06-13T22:28:20 IST" skipped="0">
  <testcase classname="practice.pom.repository.ListenerScriptClass" name="createOrganizationTest" time="0.025"/>
  <system-out>
    <![CDATA[Database Connection Established
Test Execution Started
Browser Launched
Login Successful
Logout Successful
Browser Closed
Test Execution Completed
Database Connection Closed]]>
  </system-out>
</testsuite> <!-- practice.pom.repository.ListenerScriptClass -->
