<?xml version="1.0" encoding="UTF-8"?>
<!-- Generated by org.testng.reporters.JUnitReportReporter -->
<testsuite hostname="sAdIQspReDaTOR" failures="0" tests="2" name="practice.testng.InvoiceTest" time="20.675" errors="0" timestamp="2026-06-04T16:04:07 IST" skipped="0">
  <testcase classname="practice.testng.InvoiceTest" name="createInvoice" time="13.123"/>
  <testcase classname="practice.testng.InvoiceTest" name="createInvoiceWithContactTest" time="7.552"/>
</testsuite> <!-- practice.testng.InvoiceTest -->
