<?xml version="1.0" encoding="UTF-8"?>
<!-- Generated by org.testng.reporters.JUnitReportReporter -->
<testsuite hostname="sAdIQspReDaTOR" failures="0" tests="1" name="com.comcast.crm.contacttest.CreateContactWithOrgTest" time="37.365" errors="0" timestamp="2026-06-03T10:29:39 IST" skipped="0">
  <testcase classname="com.comcast.crm.contacttest.CreateContactWithOrgTest" name="CreateContactWithOrgTestt" time="37.365"/>
</testsuite> <!-- com.comcast.crm.contacttest.CreateContactWithOrgTest -->
