<?xml version="1.0" encoding="UTF-8"?>
<!-- Generated by org.testng.reporters.JUnitReportReporter -->
<testsuite hostname="sAdIQspReDaTOR" failures="0" tests="1" name="com.comcast.crm.contacttest.CreateContactWithSupportDateTest" time="23.185" errors="0" timestamp="2026-06-02T22:45:43 IST" skipped="0">
  <testcase classname="com.comcast.crm.contacttest.CreateContactWithSupportDateTest" name="createContactWithSupportDateTest" time="23.185"/>
</testsuite> <!-- com.comcast.crm.contacttest.CreateContactWithSupportDateTest -->
