<?xml version="1.0" encoding="UTF-8"?>
<!-- Generated by org.testng.reporters.JUnitReportReporter -->
<testsuite hostname="sAdIQspReDaTOR" failures="0" tests="2" name="practice.testng.ContactTest" time="0.021" errors="0" timestamp="2026-06-01T11:21:24 IST" skipped="0">
  <testcase classname="practice.testng.ContactTest" name="createContactTestWithmobileNumber" time="0.002"/>
  <testcase classname="practice.testng.ContactTest" name="createContactTest" time="0.019"/>
</testsuite> <!-- practice.testng.ContactTest -->
