<?xml version="1.0" encoding="UTF-8"?>
<!-- Generated by org.testng.reporters.JUnitReportReporter -->
<testsuite hostname="sAdIQspReDaTOR" failures="0" tests="12" name="practice.testng.CreateTest1" time="0.101" errors="0" timestamp="2026-06-01T13:14:15 IST" skipped="0">
  <testcase classname="practice.testng.CreateTest1" name="createContactTest" time="0.003"/>
  <testcase classname="practice.testng.CreateTest1" name="createContactTest" time="0.003"/>
  <testcase classname="practice.testng.CreateTest1" name="createContactTest" time="0.004"/>
  <testcase classname="practice.testng.CreateTest1" name="createContactTest" time="0.004"/>
  <testcase classname="practice.testng.CreateTest1" name="createContactTest" time="0.004"/>
  <testcase classname="practice.testng.CreateTest1" name="modifyContactTest" time="0.002"/>
  <testcase classname="practice.testng.CreateTest1" name="deleteContactTest" time="0.001"/>
  <testcase classname="practice.testng.CreateTest1" name="createContactTest" time="0.001"/>
  <testcase classname="practice.testng.CreateTest1" name="createContactTest" time="0.063"/>
  <testcase classname="practice.testng.CreateTest1" name="createContactTest" time="0.006"/>
  <testcase classname="practice.testng.CreateTest1" name="createContactTest" time="0.005"/>
  <testcase classname="practice.testng.CreateTest1" name="createContactTest" time="0.005"/>
</testsuite> <!-- practice.testng.CreateTest1 -->
