<?xml version="1.0" encoding="UTF-8"?>
<!-- Generated by org.testng.reporters.JUnitReportReporter -->
<testsuite hostname="sAdIQspReDaTOR" failures="0" tests="2" name="practice.testng.SampleTest" time="0.018" errors="0" timestamp="2026-06-01T11:15:08 IST" skipped="0">
  <testcase classname="practice.testng.SampleTest" name="createContactTestWithmobileNumber" time="0.002"/>
  <testcase classname="practice.testng.SampleTest" name="createContactTest" time="0.016"/>
</testsuite> <!-- practice.testng.SampleTest -->
