<?xml version="1.0" encoding="UTF-8"?>
<!-- Generated by org.testng.reporters.JUnitReportReporter -->
<testsuite hostname="sAdIQspReDaTOR" failures="0" tests="3" name="com.comcast.crm.contacttest.CreateContactTest" time="73.830" errors="0" timestamp="2026-06-23T10:18:33 IST" skipped="0">
  <testcase classname="com.comcast.crm.contacttest.CreateContactTest" name="CreateContactTestt" time="20.340"/>
  <testcase classname="com.comcast.crm.contacttest.CreateContactTest" name="CreateContactWithOrgTestt" time="32.762"/>
  <testcase classname="com.comcast.crm.contacttest.CreateContactTest" name="CreateContactWithSupportDateTest" time="20.728"/>
</testsuite> <!-- com.comcast.crm.contacttest.CreateContactTest -->
