<?xml version="1.0" encoding="UTF-8"?>
<!-- Generated by org.testng.reporters.JUnitReportReporter -->
<testsuite hostname="sAdIQspReDaTOR" failures="0" tests="2" name="com.crm.comcast.contactTest.CreateContactTest" time="0.018" errors="0" timestamp="2026-06-02T12:47:26 IST" skipped="0">
  <testcase classname="com.crm.comcast.contactTest.CreateContactTest" name="createContactWithDate" time="0.004"/>
  <testcase classname="com.crm.comcast.contactTest.CreateContactTest" name="createContactTest" time="0.014"/>
</testsuite> <!-- com.crm.comcast.contactTest.CreateContactTest -->
