<?xml version="1.0" encoding="UTF-8"?>
<!-- Generated by org.testng.reporters.JUnitReportReporter -->
<testsuite hostname="sAdIQspReDaTOR" failures="0" tests="1" name="com.comcast.crm.orgtest.CreateOrganizationWithPhoneNumberTest" time="42.345" errors="0" timestamp="2026-06-03T12:24:19 IST" skipped="0">
  <testcase classname="com.comcast.crm.orgtest.CreateOrganizationWithPhoneNumberTest" name="CreateOrganizationWithPhoneNumberTestt" time="42.345"/>
</testsuite> <!-- com.comcast.crm.orgtest.CreateOrganizationWithPhoneNumberTest -->
