<?xml version="1.0" encoding="UTF-8"?>
<testng-results ignored="0" total="6" passed="6" failed="0" skipped="0">
  <reporter-output>
  </reporter-output>
  <suite started-at="2026-06-23T10:16:10 IST" name="Suite" finished-at="2026-06-23T10:18:32 IST" duration-ms="141746">
    <groups>
      <group name="RegressionTest">
        <method signature="CreateContactTest.CreateContactWithOrgTestt()[pri:0, instance:com.comcast.crm.contacttest.CreateContactTest@24313fcc]" name="CreateContactWithOrgTestt" class="com.comcast.crm.contacttest.CreateContactTest"/>
        <method signature="CreateOrganizationTest.CreateOrganizationWithIndustriesTestt()[pri:0, instance:com.comcast.crm.orgtest.CreateOrganizationTest@55b0dcab]" name="CreateOrganizationWithIndustriesTestt" class="com.comcast.crm.orgtest.CreateOrganizationTest"/>
        <method signature="CreateOrganizationTest.CreateOrganizationWithPhoneNumberTestt()[pri:0, instance:com.comcast.crm.orgtest.CreateOrganizationTest@55b0dcab]" name="CreateOrganizationWithPhoneNumberTestt" class="com.comcast.crm.orgtest.CreateOrganizationTest"/>
      </group> <!-- RegressionTest -->
      <group name="smokeTest">
        <method signature="CreateContactTest.CreateContactTestt()[pri:0, instance:com.comcast.crm.contacttest.CreateContactTest@24313fcc]" name="CreateContactTestt" class="com.comcast.crm.contacttest.CreateContactTest"/>
        <method signature="CreateContactTest.CreateContactWithSupportDateTest()[pri:0, instance:com.comcast.crm.contacttest.CreateContactTest@24313fcc]" name="CreateContactWithSupportDateTest" class="com.comcast.crm.contacttest.CreateContactTest"/>
        <method signature="CreateOrganizationTest.createOrganizationTest()[pri:0, instance:com.comcast.crm.orgtest.CreateOrganizationTest@55b0dcab]" name="createOrganizationTest" class="com.comcast.crm.orgtest.CreateOrganizationTest"/>
      </group> <!-- smokeTest -->
    </groups>
    <test started-at="2026-06-23T10:16:10 IST" name="Test" finished-at="2026-06-23T10:18:32 IST" duration-ms="141746">
      <class name="com.comcast.crm.orgtest.CreateOrganizationTest">
        <test-method is-config="true" signature="configBC(java.lang.String)[pri:0, instance:com.comcast.crm.orgtest.CreateOrganizationTest@55b0dcab]" started-at="2026-06-23T10:17:27 IST" name="configBC" finished-at="2026-06-23T10:17:28 IST" duration-ms="1167" status="PASS">
          <params>
            <param index="0">
              <value>
                <![CDATA[chrome]]>
              </value>
            </param>
          </params>
          <reporter-output>
          </reporter-output>
        </test-method> <!-- configBC -->
        <test-method is-config="true" signature="configBM()[pri:0, instance:com.comcast.crm.orgtest.CreateOrganizationTest@55b0dcab]" started-at="2026-06-23T10:17:28 IST" name="configBM" finished-at="2026-06-23T10:17:33 IST" duration-ms="4825" status="PASS">
          <reporter-output>
          </reporter-output>
        </test-method> <!-- configBM -->
        <test-method signature="CreateOrganizationWithIndustriesTestt()[pri:0, instance:com.comcast.crm.orgtest.CreateOrganizationTest@55b0dcab]" started-at="2026-06-23T10:17:33 IST" name="CreateOrganizationWithIndustriesTestt" finished-at="2026-06-23T10:17:49 IST" duration-ms="15619" status="PASS">
          <reporter-output>
          </reporter-output>
        </test-method> <!-- CreateOrganizationWithIndustriesTestt -->
        <test-method is-config="true" signature="configAM()[pri:0, instance:com.comcast.crm.orgtest.CreateOrganizationTest@55b0dcab]" started-at="2026-06-23T10:17:49 IST" name="configAM" finished-at="2026-06-23T10:17:51 IST" duration-ms="1873" status="PASS">
          <reporter-output>
          </reporter-output>
        </test-method> <!-- configAM -->
        <test-method is-config="true" signature="configBM()[pri:0, instance:com.comcast.crm.orgtest.CreateOrganizationTest@55b0dcab]" started-at="2026-06-23T10:17:51 IST" name="configBM" finished-at="2026-06-23T10:17:52 IST" duration-ms="909" status="PASS">
          <reporter-output>
          </reporter-output>
        </test-method> <!-- configBM -->
        <test-method signature="CreateOrganizationWithPhoneNumberTestt()[pri:0, instance:com.comcast.crm.orgtest.CreateOrganizationTest@55b0dcab]" started-at="2026-06-23T10:17:52 IST" name="CreateOrganizationWithPhoneNumberTestt" finished-at="2026-06-23T10:18:09 IST" duration-ms="17745" status="PASS">
          <reporter-output>
          </reporter-output>
        </test-method> <!-- CreateOrganizationWithPhoneNumberTestt -->
        <test-method is-config="true" signature="configAM()[pri:0, instance:com.comcast.crm.orgtest.CreateOrganizationTest@55b0dcab]" started-at="2026-06-23T10:18:09 IST" name="configAM" finished-at="2026-06-23T10:18:11 IST" duration-ms="1944" status="PASS">
          <reporter-output>
          </reporter-output>
        </test-method> <!-- configAM -->
        <test-method is-config="true" signature="configBM()[pri:0, instance:com.comcast.crm.orgtest.CreateOrganizationTest@55b0dcab]" started-at="2026-06-23T10:18:11 IST" name="configBM" finished-at="2026-06-23T10:18:15 IST" duration-ms="4000" status="PASS">
          <reporter-output>
          </reporter-output>
        </test-method> <!-- configBM -->
        <test-method signature="createOrganizationTest()[pri:0, instance:com.comcast.crm.orgtest.CreateOrganizationTest@55b0dcab]" started-at="2026-06-23T10:18:15 IST" name="createOrganizationTest" finished-at="2026-06-23T10:18:30 IST" duration-ms="14242" status="PASS">
          <reporter-output>
          </reporter-output>
        </test-method> <!-- createOrganizationTest -->
        <test-method is-config="true" signature="configAM()[pri:0, instance:com.comcast.crm.orgtest.CreateOrganizationTest@55b0dcab]" started-at="2026-06-23T10:18:30 IST" name="configAM" finished-at="2026-06-23T10:18:32 IST" duration-ms="1897" status="PASS">
          <reporter-output>
          </reporter-output>
        </test-method> <!-- configAM -->
        <test-method is-config="true" signature="configAc()[pri:0, instance:com.comcast.crm.orgtest.CreateOrganizationTest@55b0dcab]" started-at="2026-06-23T10:18:32 IST" name="configAc" finished-at="2026-06-23T10:18:32 IST" duration-ms="683" status="PASS">
          <reporter-output>
          </reporter-output>
        </test-method> <!-- configAc -->
      </class> <!-- com.comcast.crm.orgtest.CreateOrganizationTest -->
      <class name="com.comcast.crm.contacttest.CreateContactTest">
        <test-method is-config="true" signature="configBS()[pri:0, instance:com.comcast.crm.contacttest.CreateContactTest@24313fcc]" started-at="2026-06-23T10:16:10 IST" name="configBS" finished-at="2026-06-23T10:16:10 IST" duration-ms="17" status="PASS">
          <reporter-output>
          </reporter-output>
        </test-method> <!-- configBS -->
        <test-method is-config="true" signature="configBC(java.lang.String)[pri:0, instance:com.comcast.crm.contacttest.CreateContactTest@24313fcc]" started-at="2026-06-23T10:16:11 IST" name="configBC" finished-at="2026-06-23T10:16:13 IST" duration-ms="2151" status="PASS">
          <params>
            <param index="0">
              <value>
                <![CDATA[chrome]]>
              </value>
            </param>
          </params>
          <reporter-output>
          </reporter-output>
        </test-method> <!-- configBC -->
        <test-method is-config="true" signature="configBM()[pri:0, instance:com.comcast.crm.contacttest.CreateContactTest@24313fcc]" started-at="2026-06-23T10:16:13 IST" name="configBM" finished-at="2026-06-23T10:16:18 IST" duration-ms="4968" status="PASS">
          <reporter-output>
          </reporter-output>
        </test-method> <!-- configBM -->
        <test-method signature="CreateContactTestt()[pri:0, instance:com.comcast.crm.contacttest.CreateContactTest@24313fcc]" started-at="2026-06-23T10:16:18 IST" name="CreateContactTestt" finished-at="2026-06-23T10:16:32 IST" duration-ms="14057" status="PASS">
          <reporter-output>
          </reporter-output>
        </test-method> <!-- CreateContactTestt -->
        <test-method is-config="true" signature="configAM()[pri:0, instance:com.comcast.crm.contacttest.CreateContactTest@24313fcc]" started-at="2026-06-23T10:16:32 IST" name="configAM" finished-at="2026-06-23T10:16:34 IST" duration-ms="1932" status="PASS">
          <reporter-output>
          </reporter-output>
        </test-method> <!-- configAM -->
        <test-method is-config="true" signature="configBM()[pri:0, instance:com.comcast.crm.contacttest.CreateContactTest@24313fcc]" started-at="2026-06-23T10:16:34 IST" name="configBM" finished-at="2026-06-23T10:16:38 IST" duration-ms="4351" status="PASS">
          <reporter-output>
          </reporter-output>
        </test-method> <!-- configBM -->
        <test-method signature="CreateContactWithOrgTestt()[pri:0, instance:com.comcast.crm.contacttest.CreateContactTest@24313fcc]" started-at="2026-06-23T10:16:38 IST" name="CreateContactWithOrgTestt" finished-at="2026-06-23T10:17:05 IST" duration-ms="27223" status="PASS">
          <reporter-output>
          </reporter-output>
        </test-method> <!-- CreateContactWithOrgTestt -->
        <test-method is-config="true" signature="configAM()[pri:0, instance:com.comcast.crm.contacttest.CreateContactTest@24313fcc]" started-at="2026-06-23T10:17:05 IST" name="configAM" finished-at="2026-06-23T10:17:07 IST" duration-ms="1858" status="PASS">
          <reporter-output>
          </reporter-output>
        </test-method> <!-- configAM -->
        <test-method is-config="true" signature="configBM()[pri:0, instance:com.comcast.crm.contacttest.CreateContactTest@24313fcc]" started-at="2026-06-23T10:17:07 IST" name="configBM" finished-at="2026-06-23T10:17:11 IST" duration-ms="3888" status="PASS">
          <reporter-output>
          </reporter-output>
        </test-method> <!-- configBM -->
        <test-method signature="CreateContactWithSupportDateTest()[pri:0, instance:com.comcast.crm.contacttest.CreateContactTest@24313fcc]" started-at="2026-06-23T10:17:11 IST" name="CreateContactWithSupportDateTest" finished-at="2026-06-23T10:17:25 IST" duration-ms="13902" status="PASS">
          <reporter-output>
          </reporter-output>
        </test-method> <!-- CreateContactWithSupportDateTest -->
        <test-method is-config="true" signature="configAM()[pri:0, instance:com.comcast.crm.contacttest.CreateContactTest@24313fcc]" started-at="2026-06-23T10:17:25 IST" name="configAM" finished-at="2026-06-23T10:17:27 IST" duration-ms="1651" status="PASS">
          <reporter-output>
          </reporter-output>
        </test-method> <!-- configAM -->
        <test-method is-config="true" signature="configAc()[pri:0, instance:com.comcast.crm.contacttest.CreateContactTest@24313fcc]" started-at="2026-06-23T10:17:27 IST" name="configAc" finished-at="2026-06-23T10:17:27 IST" duration-ms="753" status="PASS">
          <reporter-output>
          </reporter-output>
        </test-method> <!-- configAc -->
        <test-method is-config="true" signature="configAS()[pri:0, instance:com.comcast.crm.contacttest.CreateContactTest@24313fcc]" started-at="2026-06-23T10:18:32 IST" name="configAS" finished-at="2026-06-23T10:18:32 IST" duration-ms="1" status="PASS">
          <reporter-output>
          </reporter-output>
        </test-method> <!-- configAS -->
      </class> <!-- com.comcast.crm.contacttest.CreateContactTest -->
    </test> <!-- Test -->
  </suite> <!-- Suite -->
</testng-results>
